[03:42:07.487] Global cache location '/Users/blackeuler/Library/Caches/typescript/4.1', safe file path '/usr/local/lib/node_modules/typescript/lib/typingsafelist.json', types map path /usr/local/lib/node_modules/typescript/lib/typesmap.json
[03:42:07.488] Processing cache location '/Users/blackeuler/Library/Caches/typescript/4.1'
[03:42:07.488] Trying to find '/Users/blackeuler/Library/Caches/typescript/4.1/package.json'...
[03:42:07.488] Finished processing cache location '/Users/blackeuler/Library/Caches/typescript/4.1'
[03:42:07.489] Process id: 48132
[03:42:07.489] NPM location: /usr/local/Cellar/node/15.2.1/bin/npm (explicit '--npmLocation' not  provided)
[03:42:07.489] validateDefaultNpmLocation: false
[03:42:07.489] Npm config file: /Users/blackeuler/Library/Caches/typescript/4.1/package.json
[03:42:07.489] Updating types-registry npm package...
[03:42:07.490] Exec: /usr/local/Cellar/node/15.2.1/bin/npm install --ignore-scripts types-registry@latest
[03:42:07.498]     Failed. stdout:
    stderr:
    /bin/sh: /usr/local/Cellar/node/15.2.1/bin/npm: No such file or directory
    
[03:42:07.499] Updated types-registry npm package
[03:42:07.499] Types registry file '/Users/blackeuler/Library/Caches/typescript/4.1/node_modules/types-registry/index.json' does not exist
[03:42:08.710] Got install request {"projectName":"/dev/null/inferredProject1*","fileNames":["/usr/local/lib/node_modules/typescript/lib/lib.d.ts","/usr/local/lib/node_modules/typescript/lib/lib.es5.d.ts","/usr/local/lib/node_modules/typescript/lib/lib.dom.d.ts","/usr/local/lib/node_modules/typescript/lib/lib.webworker.importscripts.d.ts","/usr/local/lib/node_modules/typescript/lib/lib.scripthost.d.ts","/Users/blackeuler/snake/src/snake.js"],"compilerOptions":{"target":1,"jsx":1,"allowNonTsExtensions":true,"allowJs":true,"noEmitForJsFiles":true,"maxNodeModuleJsDepth":2},"typeAcquisition":{"enable":true,"include":[],"exclude":[]},"unresolvedImports":[],"projectRootPath":"/Users/blackeuler/snake/src","kind":"discover"}
[03:42:08.735] Loaded safelist from types map file '/usr/local/lib/node_modules/typescript/lib/typesmap.json'
[03:42:08.736] Explicitly included types: []
[03:42:08.737] Inferred typings from unresolved imports: []
[03:42:08.737] Result: {"cachedTypingPaths":[],"newTypingNames":[],"filesToWatch":["/Users/blackeuler/snake/src/bower_components","/Users/blackeuler/snake/src/node_modules"]}
[03:42:08.737] Finished typings discovery: {"cachedTypingPaths":[],"newTypingNames":[],"filesToWatch":["/Users/blackeuler/snake/src/bower_components","/Users/blackeuler/snake/src/node_modules"]}
[03:42:08.737] DirectoryWatcher:: Added:: WatchInfo: /Users/blackeuler/snake/src/bower_components
[03:42:08.738] DirectoryWatcher:: Added:: WatchInfo: /Users/blackeuler/snake/src/node_modules
[03:42:08.739] Sending response:
    {"projectName":"/dev/null/inferredProject1*","typeAcquisition":{"enable":true,"include":[],"exclude":[]},"compilerOptions":{"target":1,"jsx":1,"allowNonTsExtensions":true,"allowJs":true,"noEmitForJsFiles":true,"maxNodeModuleJsDepth":2},"typings":[],"unresolvedImports":[],"kind":"action::set"}
[03:42:08.739] Response has been sent.
[03:42:08.739] No new typings were requested as a result of typings discovery
