Info 0    [00:52:55.859] Starting TS Server
Info 1    [00:52:55.860] Version: 4.1.3
Info 2    [00:52:55.860] Arguments: /usr/local/Cellar/node/15.2.1/bin/node /Users/blackeuler/snake/node_modules/.bin/tsserver --logFile /Users/blackeuler/snake/.log/tsserver.log --logVerbosity info --cancellationPipeName /private/var/folders/nk/0pkqxn114ld_gmm8sqb6n_k80000gn/T/bf574c92c20478b6a2c6827a801e7418/tscancellation*
Info 3    [00:52:55.860] Platform: darwin NodeVersion: 15 CaseSensitive: false
Info 4    [00:52:55.860] ServerMode: undefined syntaxOnly: false hasUnknownServerMode: undefined
Info 5    [00:52:56.235] Search path: /Users/blackeuler/snake/docs/game/src
Info 6    [00:52:56.236] For info: /Users/blackeuler/snake/docs/game/src/snake.min.js :: Config file name: /Users/blackeuler/snake/tsconfig.json
Info 7    [00:52:56.237] Opened configuration file /Users/blackeuler/snake/tsconfig.json
Info 8    [00:52:56.253] Config: /Users/blackeuler/snake/tsconfig.json : {
 "rootNames": [
  "/Users/blackeuler/snake/src/snake.ts",
  "/Users/blackeuler/snake/src/types.ts"
 ],
 "options": {
  "target": 2,
  "module": 5,
  "outDir": "/Users/blackeuler/snake/dist/es6",
  "strict": true,
  "noImplicitAny": true,
  "strictNullChecks": true,
  "strictFunctionTypes": true,
  "strictBindCallApply": true,
  "strictPropertyInitialization": true,
  "noImplicitThis": true,
  "alwaysStrict": true,
  "esModuleInterop": true,
  "skipLibCheck": true,
  "forceConsistentCasingInFileNames": true,
  "configFilePath": "/Users/blackeuler/snake/tsconfig.json"
 }
}
Info 9    [00:52:56.289] Starting updateGraphWorker: Project: /Users/blackeuler/snake/tsconfig.json
Info 10   [00:52:57.300] Finishing updateGraphWorker: Project: /Users/blackeuler/snake/tsconfig.json Version: 1 structureChanged: true Elapsed: 1010.8161330223083ms
Info 11   [00:52:57.301] Project '/Users/blackeuler/snake/tsconfig.json' (Configured)
Info 12   [00:52:57.301] 	Files (95)

Info 13   [00:52:57.301] -----------------------------------------------
Info 14   [00:52:57.313] Starting updateGraphWorker: Project: /dev/null/inferredProject1*
Info 15   [00:52:57.873] Finishing updateGraphWorker: Project: /dev/null/inferredProject1* Version: 1 structureChanged: true Elapsed: 560.3797700405121ms
Info 16   [00:52:57.873] Project '/dev/null/inferredProject1*' (Inferred)
Info 17   [00:52:57.873] 	Files (103)

Info 18   [00:52:57.873] -----------------------------------------------
Info 19   [00:52:58.167] Starting updateGraphWorker: Project: /dev/null/inferredProject1*
Info 20   [00:52:58.168] Finishing updateGraphWorker: Project: /dev/null/inferredProject1* Version: 2 structureChanged: false Elapsed: 0.9132030010223389ms
Info 21   [00:53:00.484] Before ensureProjectForOpenFiles:
Info 22   [00:53:00.485] After ensureProjectForOpenFiles:
Info 23   [00:53:00.485] got projects updated in background, updating diagnostics for /Users/blackeuler/snake/docs/game/src/snake.min.js
Info 24   [00:56:34.770] Search path: /Users/blackeuler/snake
Info 25   [00:56:34.771] For info: /Users/blackeuler/snake/rollup.config.js :: Config file name: /Users/blackeuler/snake/tsconfig.json
Info 26   [00:56:34.772] Starting updateGraphWorker: Project: /dev/null/inferredProject2*
Info 27   [00:56:34.838] Finishing updateGraphWorker: Project: /dev/null/inferredProject2* Version: 1 structureChanged: true Elapsed: 66.52711915969849ms
Info 28   [00:56:34.838] Project '/dev/null/inferredProject2*' (Inferred)
Info 29   [00:56:34.839] 	Files (103)

Info 30   [00:56:34.839] -----------------------------------------------
Info 31   [00:58:00.668] DirectoryWatcher:: Triggered with /Users/blackeuler/snake/.#rollup.config.js :: WatchInfo: /Users/blackeuler/snake 0 undefined Project: /Users/blackeuler/snake/tsconfig.json WatchType: Failed Lookup Locations
Info 32   [00:58:00.669] Elapsed:: 0.3894460201263428ms DirectoryWatcher:: Triggered with /Users/blackeuler/snake/.#rollup.config.js :: WatchInfo: /Users/blackeuler/snake 0 undefined Project: /Users/blackeuler/snake/tsconfig.json WatchType: Failed Lookup Locations
Info 33   [00:58:00.863] Starting updateGraphWorker: Project: /dev/null/inferredProject2*
Info 34   [00:58:00.871] Finishing updateGraphWorker: Project: /dev/null/inferredProject2* Version: 2 structureChanged: false Elapsed: 7.803225994110107ms
Info 35   [00:58:00.871] Different program with same set of files:: structureIsReused:: 2
Info 36   [00:58:45.895] DirectoryWatcher:: Triggered with /Users/blackeuler/snake/.#package.json :: WatchInfo: /Users/blackeuler/snake 0 undefined Project: /Users/blackeuler/snake/tsconfig.json WatchType: Failed Lookup Locations
Info 37   [00:58:45.896] Elapsed:: 0.1607959270477295ms DirectoryWatcher:: Triggered with /Users/blackeuler/snake/.#package.json :: WatchInfo: /Users/blackeuler/snake 0 undefined Project: /Users/blackeuler/snake/tsconfig.json WatchType: Failed Lookup Locations
Info 38   [00:58:52.188] DirectoryWatcher:: Triggered with /Users/blackeuler/snake/.#package.json :: WatchInfo: /Users/blackeuler/snake 0 undefined Project: /Users/blackeuler/snake/tsconfig.json WatchType: Failed Lookup Locations
Info 39   [00:58:52.188] Elapsed:: 0.18458795547485352ms DirectoryWatcher:: Triggered with /Users/blackeuler/snake/.#package.json :: WatchInfo: /Users/blackeuler/snake 0 undefined Project: /Users/blackeuler/snake/tsconfig.json WatchType: Failed Lookup Locations
Info 40   [00:58:52.954] Starting updateGraphWorker: Project: /dev/null/inferredProject2*
Info 41   [00:58:54.853] Finishing updateGraphWorker: Project: /dev/null/inferredProject2* Version: 3 structureChanged: true Elapsed: 1898.061539888382ms
Info 42   [00:58:54.853] Project '/dev/null/inferredProject2*' (Inferred)
Info 43   [00:58:54.853] 	Files (776)

Info 44   [00:58:54.853] -----------------------------------------------
Info 45   [00:58:54.855] FileWatcher:: Triggered with /users/blackeuler/snake/package.json 1:: WatchInfo: /users/blackeuler/snake/package.json 250 undefined Project:  WatchType: package.json file for import suggestions
Info 46   [00:58:54.855] Elapsed:: 0.43977999687194824ms FileWatcher:: Triggered with /users/blackeuler/snake/package.json 1:: WatchInfo: /users/blackeuler/snake/package.json 250 undefined Project:  WatchType: package.json file for import suggestions
Info 47   [00:58:55.332] Starting updateGraphWorker: Project: /dev/null/inferredProject2*
Info 48   [00:58:55.341] Finishing updateGraphWorker: Project: /dev/null/inferredProject2* Version: 4 structureChanged: false Elapsed: 8.277276992797852ms
Info 49   [00:58:57.583] Before ensureProjectForOpenFiles:
Info 50   [00:58:57.583] After ensureProjectForOpenFiles:
Info 51   [00:58:57.584] got projects updated in background, updating diagnostics for /Users/blackeuler/snake/docs/game/src/snake.min.js,/Users/blackeuler/snake/rollup.config.js
Info 52   [00:58:58.002] DirectoryWatcher:: Triggered with /Users/blackeuler/snake/dist :: WatchInfo: /Users/blackeuler/snake 0 undefined Project: /Users/blackeuler/snake/tsconfig.json WatchType: Failed Lookup Locations
Info 53   [00:58:58.003] Elapsed:: 0.25409507751464844ms DirectoryWatcher:: Triggered with /Users/blackeuler/snake/dist :: WatchInfo: /Users/blackeuler/snake 0 undefined Project: /Users/blackeuler/snake/tsconfig.json WatchType: Failed Lookup Locations
Info 54   [00:58:58.053] DirectoryWatcher:: Triggered with /Users/blackeuler/snake/docs :: WatchInfo: /Users/blackeuler/snake 0 undefined Project: /Users/blackeuler/snake/tsconfig.json WatchType: Failed Lookup Locations
Info 55   [00:58:58.053] Elapsed:: 0.037014007568359375ms DirectoryWatcher:: Triggered with /Users/blackeuler/snake/docs :: WatchInfo: /Users/blackeuler/snake 0 undefined Project: /Users/blackeuler/snake/tsconfig.json WatchType: Failed Lookup Locations
Info 56   [00:58:59.497] DirectoryWatcher:: Triggered with /Users/blackeuler/snake/dist :: WatchInfo: /Users/blackeuler/snake 0 undefined Project: /Users/blackeuler/snake/tsconfig.json WatchType: Failed Lookup Locations
Info 57   [00:58:59.498] Elapsed:: 0.03911709785461426ms DirectoryWatcher:: Triggered with /Users/blackeuler/snake/dist :: WatchInfo: /Users/blackeuler/snake 0 undefined Project: /Users/blackeuler/snake/tsconfig.json WatchType: Failed Lookup Locations
Info 58   [00:59:00.445] DirectoryWatcher:: Triggered with /Users/blackeuler/snake/docs :: WatchInfo: /Users/blackeuler/snake 0 undefined Project: /Users/blackeuler/snake/tsconfig.json WatchType: Failed Lookup Locations
Info 59   [00:59:00.446] Elapsed:: 0.03454899787902832ms DirectoryWatcher:: Triggered with /Users/blackeuler/snake/docs :: WatchInfo: /Users/blackeuler/snake 0 undefined Project: /Users/blackeuler/snake/tsconfig.json WatchType: Failed Lookup Locations
Info 60   [00:59:03.170] Starting updateGraphWorker: Project: /dev/null/inferredProject1*
Info 61   [00:59:03.189] Finishing updateGraphWorker: Project: /dev/null/inferredProject1* Version: 3 structureChanged: false Elapsed: 18.917964935302734ms
Info 62   [00:59:03.189] Different program with same set of files:: structureIsReused:: 2
Info 63   [01:03:39.507] DirectoryWatcher:: Triggered with /Users/blackeuler/snake/.#index.html :: WatchInfo: /Users/blackeuler/snake 0 undefined Project: /Users/blackeuler/snake/tsconfig.json WatchType: Failed Lookup Locations
Info 64   [01:03:39.507] Elapsed:: 0.10509705543518066ms DirectoryWatcher:: Triggered with /Users/blackeuler/snake/.#index.html :: WatchInfo: /Users/blackeuler/snake 0 undefined Project: /Users/blackeuler/snake/tsconfig.json WatchType: Failed Lookup Locations
Info 65   [01:03:50.546] DirectoryWatcher:: Triggered with /Users/blackeuler/snake/.#index.html :: WatchInfo: /Users/blackeuler/snake 0 undefined Project: /Users/blackeuler/snake/tsconfig.json WatchType: Failed Lookup Locations
Info 66   [01:03:50.546] Elapsed:: 0.040019989013671875ms DirectoryWatcher:: Triggered with /Users/blackeuler/snake/.#index.html :: WatchInfo: /Users/blackeuler/snake 0 undefined Project: /Users/blackeuler/snake/tsconfig.json WatchType: Failed Lookup Locations
Info 67   [01:04:15.994] DirectoryWatcher:: Triggered with /Users/blackeuler/snake/dist :: WatchInfo: /Users/blackeuler/snake 0 undefined Project: /Users/blackeuler/snake/tsconfig.json WatchType: Failed Lookup Locations
Info 68   [01:04:15.995] Elapsed:: 0.052313804626464844ms DirectoryWatcher:: Triggered with /Users/blackeuler/snake/dist :: WatchInfo: /Users/blackeuler/snake 0 undefined Project: /Users/blackeuler/snake/tsconfig.json WatchType: Failed Lookup Locations
Info 69   [01:04:15.995] DirectoryWatcher:: Triggered with /Users/blackeuler/snake/docs :: WatchInfo: /Users/blackeuler/snake 0 undefined Project: /Users/blackeuler/snake/tsconfig.json WatchType: Failed Lookup Locations
Info 70   [01:04:15.995] Elapsed:: 0.018182992935180664ms DirectoryWatcher:: Triggered with /Users/blackeuler/snake/docs :: WatchInfo: /Users/blackeuler/snake 0 undefined Project: /Users/blackeuler/snake/tsconfig.json WatchType: Failed Lookup Locations
Info 71   [01:04:17.501] DirectoryWatcher:: Triggered with /Users/blackeuler/snake/dist :: WatchInfo: /Users/blackeuler/snake 0 undefined Project: /Users/blackeuler/snake/tsconfig.json WatchType: Failed Lookup Locations
Info 72   [01:04:17.501] Elapsed:: 0.04757189750671387ms DirectoryWatcher:: Triggered with /Users/blackeuler/snake/dist :: WatchInfo: /Users/blackeuler/snake 0 undefined Project: /Users/blackeuler/snake/tsconfig.json WatchType: Failed Lookup Locations
Info 73   [01:04:18.496] DirectoryWatcher:: Triggered with /Users/blackeuler/snake/docs :: WatchInfo: /Users/blackeuler/snake 0 undefined Project: /Users/blackeuler/snake/tsconfig.json WatchType: Failed Lookup Locations
Info 74   [01:04:18.496] Elapsed:: 0.042552947998046875ms DirectoryWatcher:: Triggered with /Users/blackeuler/snake/docs :: WatchInfo: /Users/blackeuler/snake 0 undefined Project: /Users/blackeuler/snake/tsconfig.json WatchType: Failed Lookup Locations
Info 75   [01:04:18.758] Starting updateGraphWorker: Project: /dev/null/inferredProject1*
Info 76   [01:04:18.772] Finishing updateGraphWorker: Project: /dev/null/inferredProject1* Version: 4 structureChanged: false Elapsed: 14.278994083404541ms
Info 77   [01:04:18.772] Different program with same set of files:: structureIsReused:: 2
Info 78   [01:04:54.320] DirectoryWatcher:: Triggered with /Users/blackeuler/snake/.#index.html :: WatchInfo: /Users/blackeuler/snake 0 undefined Project: /Users/blackeuler/snake/tsconfig.json WatchType: Failed Lookup Locations
Info 79   [01:04:54.320] Elapsed:: 0.03854799270629883ms DirectoryWatcher:: Triggered with /Users/blackeuler/snake/.#index.html :: WatchInfo: /Users/blackeuler/snake 0 undefined Project: /Users/blackeuler/snake/tsconfig.json WatchType: Failed Lookup Locations
Info 80   [01:04:57.397] DirectoryWatcher:: Triggered with /Users/blackeuler/snake/.#index.html :: WatchInfo: /Users/blackeuler/snake 0 undefined Project: /Users/blackeuler/snake/tsconfig.json WatchType: Failed Lookup Locations
Info 81   [01:04:57.397] Elapsed:: 0.03839421272277832ms DirectoryWatcher:: Triggered with /Users/blackeuler/snake/.#index.html :: WatchInfo: /Users/blackeuler/snake 0 undefined Project: /Users/blackeuler/snake/tsconfig.json WatchType: Failed Lookup Locations
Info 82   [01:05:01.791] DirectoryWatcher:: Triggered with /Users/blackeuler/snake/dist :: WatchInfo: /Users/blackeuler/snake 0 undefined Project: /Users/blackeuler/snake/tsconfig.json WatchType: Failed Lookup Locations
Info 83   [01:05:01.791] Elapsed:: 0.040144920349121094ms DirectoryWatcher:: Triggered with /Users/blackeuler/snake/dist :: WatchInfo: /Users/blackeuler/snake 0 undefined Project: /Users/blackeuler/snake/tsconfig.json WatchType: Failed Lookup Locations
Info 84   [01:05:01.840] DirectoryWatcher:: Triggered with /Users/blackeuler/snake/docs :: WatchInfo: /Users/blackeuler/snake 0 undefined Project: /Users/blackeuler/snake/tsconfig.json WatchType: Failed Lookup Locations
Info 85   [01:05:01.841] Elapsed:: 0.04237008094787598ms DirectoryWatcher:: Triggered with /Users/blackeuler/snake/docs :: WatchInfo: /Users/blackeuler/snake 0 undefined Project: /Users/blackeuler/snake/tsconfig.json WatchType: Failed Lookup Locations
Info 86   [01:05:03.188] DirectoryWatcher:: Triggered with /Users/blackeuler/snake/dist :: WatchInfo: /Users/blackeuler/snake 0 undefined Project: /Users/blackeuler/snake/tsconfig.json WatchType: Failed Lookup Locations
Info 87   [01:05:03.188] Elapsed:: 0.040246009826660156ms DirectoryWatcher:: Triggered with /Users/blackeuler/snake/dist :: WatchInfo: /Users/blackeuler/snake 0 undefined Project: /Users/blackeuler/snake/tsconfig.json WatchType: Failed Lookup Locations
Info 88   [01:05:04.131] DirectoryWatcher:: Triggered with /Users/blackeuler/snake/docs :: WatchInfo: /Users/blackeuler/snake 0 undefined Project: /Users/blackeuler/snake/tsconfig.json WatchType: Failed Lookup Locations
Info 89   [01:05:04.131] Elapsed:: 0.03407907485961914ms DirectoryWatcher:: Triggered with /Users/blackeuler/snake/docs :: WatchInfo: /Users/blackeuler/snake 0 undefined Project: /Users/blackeuler/snake/tsconfig.json WatchType: Failed Lookup Locations
Info 90   [01:05:04.363] Starting updateGraphWorker: Project: /dev/null/inferredProject1*
Info 91   [01:05:04.376] Finishing updateGraphWorker: Project: /dev/null/inferredProject1* Version: 5 structureChanged: false Elapsed: 13.386080980300903ms
Info 92   [01:05:04.376] Different program with same set of files:: structureIsReused:: 2
Info 93   [01:05:44.580] DirectoryWatcher:: Triggered with /Users/blackeuler/snake/.#index.html :: WatchInfo: /Users/blackeuler/snake 0 undefined Project: /Users/blackeuler/snake/tsconfig.json WatchType: Failed Lookup Locations
Info 94   [01:05:44.580] Elapsed:: 0.1206820011138916ms DirectoryWatcher:: Triggered with /Users/blackeuler/snake/.#index.html :: WatchInfo: /Users/blackeuler/snake 0 undefined Project: /Users/blackeuler/snake/tsconfig.json WatchType: Failed Lookup Locations
Info 95   [01:05:54.364] DirectoryWatcher:: Triggered with /Users/blackeuler/snake/.#index.html :: WatchInfo: /Users/blackeuler/snake 0 undefined Project: /Users/blackeuler/snake/tsconfig.json WatchType: Failed Lookup Locations
Info 96   [01:05:54.365] Elapsed:: 0.03488302230834961ms DirectoryWatcher:: Triggered with /Users/blackeuler/snake/.#index.html :: WatchInfo: /Users/blackeuler/snake 0 undefined Project: /Users/blackeuler/snake/tsconfig.json WatchType: Failed Lookup Locations
Info 97   [01:05:56.703] DirectoryWatcher:: Triggered with /Users/blackeuler/snake/dist :: WatchInfo: /Users/blackeuler/snake 0 undefined Project: /Users/blackeuler/snake/tsconfig.json WatchType: Failed Lookup Locations
Info 98   [01:05:56.703] Elapsed:: 0.03474593162536621ms DirectoryWatcher:: Triggered with /Users/blackeuler/snake/dist :: WatchInfo: /Users/blackeuler/snake 0 undefined Project: /Users/blackeuler/snake/tsconfig.json WatchType: Failed Lookup Locations
Info 99   [01:05:56.753] DirectoryWatcher:: Triggered with /Users/blackeuler/snake/docs :: WatchInfo: /Users/blackeuler/snake 0 undefined Project: /Users/blackeuler/snake/tsconfig.json WatchType: Failed Lookup Locations
Info 100  [01:05:56.754] Elapsed:: 0.04566788673400879ms DirectoryWatcher:: Triggered with /Users/blackeuler/snake/docs :: WatchInfo: /Users/blackeuler/snake 0 undefined Project: /Users/blackeuler/snake/tsconfig.json WatchType: Failed Lookup Locations
Info 101  [01:05:58.128] DirectoryWatcher:: Triggered with /Users/blackeuler/snake/dist :: WatchInfo: /Users/blackeuler/snake 0 undefined Project: /Users/blackeuler/snake/tsconfig.json WatchType: Failed Lookup Locations
Info 102  [01:05:58.128] Elapsed:: 0.05065202713012695ms DirectoryWatcher:: Triggered with /Users/blackeuler/snake/dist :: WatchInfo: /Users/blackeuler/snake 0 undefined Project: /Users/blackeuler/snake/tsconfig.json WatchType: Failed Lookup Locations
Info 103  [01:05:59.100] DirectoryWatcher:: Triggered with /Users/blackeuler/snake/docs :: WatchInfo: /Users/blackeuler/snake 0 undefined Project: /Users/blackeuler/snake/tsconfig.json WatchType: Failed Lookup Locations
Info 104  [01:05:59.100] Elapsed:: 0.03490805625915527ms DirectoryWatcher:: Triggered with /Users/blackeuler/snake/docs :: WatchInfo: /Users/blackeuler/snake 0 undefined Project: /Users/blackeuler/snake/tsconfig.json WatchType: Failed Lookup Locations
Info 105  [01:05:59.324] Starting updateGraphWorker: Project: /dev/null/inferredProject1*
Info 106  [01:05:59.334] Finishing updateGraphWorker: Project: /dev/null/inferredProject1* Version: 6 structureChanged: false Elapsed: 10.682875871658325ms
Info 107  [01:05:59.334] Different program with same set of files:: structureIsReused:: 2
Info 108  [01:07:16.580] DirectoryWatcher:: Triggered with /Users/blackeuler/snake/.#index.html :: WatchInfo: /Users/blackeuler/snake 0 undefined Project: /Users/blackeuler/snake/tsconfig.json WatchType: Failed Lookup Locations
Info 109  [01:07:16.580] Elapsed:: 0.03631019592285156ms DirectoryWatcher:: Triggered with /Users/blackeuler/snake/.#index.html :: WatchInfo: /Users/blackeuler/snake 0 undefined Project: /Users/blackeuler/snake/tsconfig.json WatchType: Failed Lookup Locations
Info 110  [01:07:24.334] DirectoryWatcher:: Triggered with /Users/blackeuler/snake/.#index.html :: WatchInfo: /Users/blackeuler/snake 0 undefined Project: /Users/blackeuler/snake/tsconfig.json WatchType: Failed Lookup Locations
Info 111  [01:07:24.334] Elapsed:: 0.038787841796875ms DirectoryWatcher:: Triggered with /Users/blackeuler/snake/.#index.html :: WatchInfo: /Users/blackeuler/snake 0 undefined Project: /Users/blackeuler/snake/tsconfig.json WatchType: Failed Lookup Locations
Info 112  [01:07:43.229] DirectoryWatcher:: Triggered with /Users/blackeuler/snake/dist :: WatchInfo: /Users/blackeuler/snake 0 undefined Project: /Users/blackeuler/snake/tsconfig.json WatchType: Failed Lookup Locations
Info 113  [01:07:43.229] Elapsed:: 0.04181194305419922ms DirectoryWatcher:: Triggered with /Users/blackeuler/snake/dist :: WatchInfo: /Users/blackeuler/snake 0 undefined Project: /Users/blackeuler/snake/tsconfig.json WatchType: Failed Lookup Locations
Info 114  [01:07:43.279] DirectoryWatcher:: Triggered with /Users/blackeuler/snake/docs :: WatchInfo: /Users/blackeuler/snake 0 undefined Project: /Users/blackeuler/snake/tsconfig.json WatchType: Failed Lookup Locations
Info 115  [01:07:43.279] Elapsed:: 0.036116838455200195ms DirectoryWatcher:: Triggered with /Users/blackeuler/snake/docs :: WatchInfo: /Users/blackeuler/snake 0 undefined Project: /Users/blackeuler/snake/tsconfig.json WatchType: Failed Lookup Locations
Info 116  [01:07:44.643] DirectoryWatcher:: Triggered with /Users/blackeuler/snake/dist :: WatchInfo: /Users/blackeuler/snake 0 undefined Project: /Users/blackeuler/snake/tsconfig.json WatchType: Failed Lookup Locations
Info 117  [01:07:44.643] Elapsed:: 0.043179988861083984ms DirectoryWatcher:: Triggered with /Users/blackeuler/snake/dist :: WatchInfo: /Users/blackeuler/snake 0 undefined Project: /Users/blackeuler/snake/tsconfig.json WatchType: Failed Lookup Locations
Info 118  [01:07:45.567] DirectoryWatcher:: Triggered with /Users/blackeuler/snake/docs :: WatchInfo: /Users/blackeuler/snake 0 undefined Project: /Users/blackeuler/snake/tsconfig.json WatchType: Failed Lookup Locations
Info 119  [01:07:45.567] Elapsed:: 0.03651595115661621ms DirectoryWatcher:: Triggered with /Users/blackeuler/snake/docs :: WatchInfo: /Users/blackeuler/snake 0 undefined Project: /Users/blackeuler/snake/tsconfig.json WatchType: Failed Lookup Locations
Info 120  [01:07:45.786] Starting updateGraphWorker: Project: /dev/null/inferredProject1*
Info 121  [01:07:45.794] Finishing updateGraphWorker: Project: /dev/null/inferredProject1* Version: 7 structureChanged: false Elapsed: 8.05958890914917ms
Info 122  [01:07:45.794] Different program with same set of files:: structureIsReused:: 2
